nohup: ignoring input
[INFO] Scanning for projects...
[INFO] 
[INFO] --------------------------< com.example:ch11 >--------------------------
[INFO] Building ch11 0.0.1-SNAPSHOT
[INFO]   from pom.xml
[INFO] --------------------------------[ jar ]---------------------------------
[INFO] 
[INFO] >>> spring-boot:3.5.15:run (default-cli) > test-compile @ ch11 >>>
[INFO] 
[INFO] --- resources:3.3.1:resources (default-resources) @ ch11 ---
[INFO] Copying 1 resource from src/main/resources to target/classes
[INFO] Copying 44 resources from src/main/resources to target/classes
[INFO] 
[INFO] --- compiler:3.14.1:compile (default-compile) @ ch11 ---
[INFO] Nothing to compile - all classes are up to date.
[INFO] 
[INFO] --- resources:3.3.1:testResources (default-testResources) @ ch11 ---
[INFO] skip non existing resourceDirectory /workspace/mych11/src/test/resources
[INFO] 
[INFO] --- compiler:3.14.1:testCompile (default-testCompile) @ ch11 ---
[INFO] No sources to compile
[INFO] 
[INFO] <<< spring-boot:3.5.15:run (default-cli) < test-compile @ ch11 <<<
[INFO] 
[INFO] 
[INFO] --- spring-boot:3.5.15:run (default-cli) @ ch11 ---
[INFO] Attaching agents: []

  .   ____          _            __ _ _
 /\\ / ___'_ __ _ _(_)_ __  __ _ \ \ \ \
( ( )\___ | '_ | '_| | '_ \/ _` | \ \ \ \
 \\/  ___)| |_)| | | | | || (_| |  ) ) ) )
  '  |____| .__|_| |_|_| |_\__, | / / / /
 =========|_|==============|___/=/_/_/_/

 :: Spring Boot ::               (v3.5.15)

2026-06-26T23:53:44.553Z  INFO 15678 --- [  restartedMain] com.ch.ebusiness.EbusinessApplication    : Starting EbusinessApplication using Java 20 with PID 15678 (/workspace/mych11/target/classes started by root in /workspace/mych11)
2026-06-26T23:53:44.554Z  INFO 15678 --- [  restartedMain] com.ch.ebusiness.EbusinessApplication    : No active profile set, falling back to 1 default profile: "default"
2026-06-26T23:53:44.572Z  INFO 15678 --- [  restartedMain] .e.DevToolsPropertyDefaultsPostProcessor : Devtools property defaults active! Set 'spring.devtools.add-properties' to 'false' to disable
2026-06-26T23:53:44.572Z  INFO 15678 --- [  restartedMain] .e.DevToolsPropertyDefaultsPostProcessor : For additional web related logging consider setting the 'logging.level.web' property to 'DEBUG'
2026-06-26T23:53:44.977Z  INFO 15678 --- [  restartedMain] .s.d.r.c.RepositoryConfigurationDelegate : Bootstrapping Spring Data JPA repositories in DEFAULT mode.
2026-06-26T23:53:45.000Z  INFO 15678 --- [  restartedMain] .s.d.r.c.RepositoryConfigurationDelegate : Finished Spring Data repository scanning in 18 ms. Found 6 JPA repository interfaces.
2026-06-26T23:53:45.053Z  WARN 15678 --- [  restartedMain] o.m.s.mapper.ClassPathMapperScanner      : No MyBatis mapper was found in '[com.ch.ebusiness]' package. Please check your configuration.
2026-06-26T23:53:45.284Z  INFO 15678 --- [  restartedMain] o.s.b.w.embedded.tomcat.TomcatWebServer  : Tomcat initialized with port 8080 (http)
2026-06-26T23:53:45.290Z  INFO 15678 --- [  restartedMain] o.apache.catalina.core.StandardService   : Starting service [Tomcat]
2026-06-26T23:53:45.291Z  INFO 15678 --- [  restartedMain] o.apache.catalina.core.StandardEngine    : Starting Servlet engine: [Apache Tomcat/10.1.55]
2026-06-26T23:53:45.304Z  INFO 15678 --- [  restartedMain] o.a.c.c.C.[Tomcat].[localhost].[/]       : Initializing Spring embedded WebApplicationContext
2026-06-26T23:53:45.305Z  INFO 15678 --- [  restartedMain] w.s.c.ServletWebServerApplicationContext : Root WebApplicationContext: initialization completed in 732 ms
2026-06-26T23:53:45.382Z  INFO 15678 --- [  restartedMain] o.hibernate.jpa.internal.util.LogHelper  : HHH000204: Processing PersistenceUnitInfo [name: default]
2026-06-26T23:53:45.398Z  INFO 15678 --- [  restartedMain] org.hibernate.Version                    : HHH000412: Hibernate ORM core version 6.6.53.Final
2026-06-26T23:53:45.409Z  INFO 15678 --- [  restartedMain] o.h.c.internal.RegionFactoryInitiator    : HHH000026: Second-level cache disabled
2026-06-26T23:53:45.500Z  INFO 15678 --- [  restartedMain] o.s.o.j.p.SpringPersistenceUnitInfo      : No LoadTimeWeaver setup: ignoring JPA class transformer
2026-06-26T23:53:45.512Z  INFO 15678 --- [  restartedMain] com.zaxxer.hikari.HikariDataSource       : HikariPool-1 - Starting...
2026-06-26T23:53:45.574Z  INFO 15678 --- [  restartedMain] com.zaxxer.hikari.pool.HikariPool        : HikariPool-1 - Added connection com.mysql.cj.jdbc.ConnectionImpl@74e767fc
2026-06-26T23:53:45.575Z  INFO 15678 --- [  restartedMain] com.zaxxer.hikari.HikariDataSource       : HikariPool-1 - Start completed.
2026-06-26T23:53:45.594Z  WARN 15678 --- [  restartedMain] org.hibernate.orm.deprecation            : HHH90000025: MySQLDialect does not need to be specified explicitly using 'hibernate.dialect' (remove the property setting and it will be selected by default)
2026-06-26T23:53:45.600Z  INFO 15678 --- [  restartedMain] org.hibernate.orm.connections.pooling    : HHH10001005: Database info:
	Database JDBC URL [Connecting through datasource 'HikariDataSource (HikariPool-1)']
	Database driver: undefined/unknown
	Database version: 8.0.46
	Autocommit mode: undefined/unknown
	Isolation level: undefined/unknown
	Minimum pool size: undefined/unknown
	Maximum pool size: undefined/unknown
2026-06-26T23:53:45.983Z  INFO 15678 --- [  restartedMain] o.h.e.t.j.p.i.JtaPlatformInitiator       : HHH000489: No JTA platform available (set 'hibernate.transaction.jta.platform' to enable JTA platform integration)
2026-06-26T23:53:46.023Z  INFO 15678 --- [  restartedMain] j.LocalContainerEntityManagerFactoryBean : Initialized JPA EntityManagerFactory for persistence unit 'default'
2026-06-26T23:53:46.246Z  WARN 15678 --- [  restartedMain] JpaBaseConfiguration$JpaWebConfiguration : spring.jpa.open-in-view is enabled by default. Therefore, database queries may be performed during view rendering. Explicitly configure spring.jpa.open-in-view to disable this warning
2026-06-26T23:53:46.358Z  INFO 15678 --- [  restartedMain] r$InitializeUserDetailsManagerConfigurer : Global AuthenticationManager configured with UserDetailsService bean with name userDetailsService
2026-06-26T23:53:46.560Z  INFO 15678 --- [  restartedMain] o.s.b.d.a.OptionalLiveReloadServer       : LiveReload server is running on port 35729
2026-06-26T23:53:46.573Z  INFO 15678 --- [  restartedMain] o.s.b.w.embedded.tomcat.TomcatWebServer  : Tomcat started on port 8080 (http) with context path '/'
2026-06-26T23:53:46.579Z  INFO 15678 --- [  restartedMain] com.ch.ebusiness.EbusinessApplication    : Started EbusinessApplication in 2.202 seconds (process running for 2.433)
开始强制更新数据库中的所有图片文件名...
Hibernate: select g1_0.id,g1_0.create_time,g1_0.grprice,g1_0.description,g1_0.goodstype_id,g1_0.is_advertisement,g1_0.is_recommend,g1_0.gname,g1_0.goprice,g1_0.gpicture,g1_0.gstore from goods g1_0
Hibernate: select gt1_0.id,gt1_0.typename from goodstype gt1_0 where gt1_0.id=?
Hibernate: select gt1_0.id,gt1_0.typename from goodstype gt1_0 where gt1_0.id=?
Hibernate: select gt1_0.id,gt1_0.typename from goodstype gt1_0 where gt1_0.id=?

========================================
图片文件名更新完成！
共更新了 0 个商品。
========================================
Hibernate: select count(*) from users u1_0
2026-06-26T23:53:50.763Z  INFO 15678 --- [nio-8080-exec-4] o.a.c.c.C.[Tomcat].[localhost].[/]       : Initializing Spring DispatcherServlet 'dispatcherServlet'
2026-06-26T23:53:50.763Z  INFO 15678 --- [nio-8080-exec-4] o.s.web.servlet.DispatcherServlet        : Initializing Servlet 'dispatcherServlet'
2026-06-26T23:53:50.764Z  INFO 15678 --- [nio-8080-exec-4] o.s.web.servlet.DispatcherServlet        : Completed initialization in 1 ms
Hibernate: select g1_0.id,g1_0.create_time,g1_0.grprice,g1_0.description,g1_0.goodstype_id,g1_0.is_advertisement,g1_0.is_recommend,g1_0.gname,g1_0.goprice,g1_0.gpicture,g1_0.gstore from goods g1_0 where g1_0.is_advertisement=?
Hibernate: select gt1_0.id,gt1_0.typename from goodstype gt1_0 where gt1_0.id=?
Hibernate: select g1_0.id,g1_0.create_time,g1_0.grprice,g1_0.description,g1_0.goodstype_id,g1_0.is_advertisement,g1_0.is_recommend,g1_0.gname,g1_0.goprice,g1_0.gpicture,g1_0.gstore from goods g1_0 where g1_0.is_recommend=?
Hibernate: select g1_0.id,g1_0.create_time,g1_0.grprice,g1_0.description,g1_0.goodstype_id,g1_0.is_advertisement,g1_0.is_recommend,g1_0.gname,g1_0.goprice,g1_0.gpicture,g1_0.gstore from goods g1_0 order by g1_0.id desc limit ?,?
Hibernate: select gt1_0.id,gt1_0.typename from goodstype gt1_0 where gt1_0.id=?
Hibernate: select gt1_0.id,gt1_0.typename from goodstype gt1_0 where gt1_0.id=?
Hibernate: select gt1_0.id,gt1_0.typename from goodstype gt1_0
Hibernate: select g1_0.id,g1_0.create_time,g1_0.grprice,g1_0.description,g1_0.goodstype_id,g1_0.is_advertisement,g1_0.is_recommend,g1_0.gname,g1_0.goprice,g1_0.gpicture,g1_0.gstore from goods g1_0 where g1_0.is_advertisement=?
Hibernate: select gt1_0.id,gt1_0.typename from goodstype gt1_0 where gt1_0.id=?
Hibernate: select g1_0.id,g1_0.create_time,g1_0.grprice,g1_0.description,g1_0.goodstype_id,g1_0.is_advertisement,g1_0.is_recommend,g1_0.gname,g1_0.goprice,g1_0.gpicture,g1_0.gstore from goods g1_0 where g1_0.is_recommend=?
Hibernate: select g1_0.id,g1_0.create_time,g1_0.grprice,g1_0.description,g1_0.goodstype_id,g1_0.is_advertisement,g1_0.is_recommend,g1_0.gname,g1_0.goprice,g1_0.gpicture,g1_0.gstore from goods g1_0 order by g1_0.id desc limit ?,?
Hibernate: select gt1_0.id,gt1_0.typename from goodstype gt1_0 where gt1_0.id=?
Hibernate: select gt1_0.id,gt1_0.typename from goodstype gt1_0 where gt1_0.id=?
Hibernate: select gt1_0.id,gt1_0.typename from goodstype gt1_0
Hibernate: select g1_0.id,g1_0.create_time,g1_0.grprice,g1_0.description,g1_0.goodstype_id,g1_0.is_advertisement,g1_0.is_recommend,g1_0.gname,g1_0.goprice,g1_0.gpicture,g1_0.gstore from goods g1_0 where g1_0.is_advertisement=?
Hibernate: select gt1_0.id,gt1_0.typename from goodstype gt1_0 where gt1_0.id=?
Hibernate: select g1_0.id,g1_0.create_time,g1_0.grprice,g1_0.description,g1_0.goodstype_id,g1_0.is_advertisement,g1_0.is_recommend,g1_0.gname,g1_0.goprice,g1_0.gpicture,g1_0.gstore from goods g1_0 where g1_0.is_recommend=?
Hibernate: select g1_0.id,g1_0.create_time,g1_0.grprice,g1_0.description,g1_0.goodstype_id,g1_0.is_advertisement,g1_0.is_recommend,g1_0.gname,g1_0.goprice,g1_0.gpicture,g1_0.gstore from goods g1_0 order by g1_0.id desc limit ?,?
Hibernate: select gt1_0.id,gt1_0.typename from goodstype gt1_0 where gt1_0.id=?
Hibernate: select gt1_0.id,gt1_0.typename from goodstype gt1_0 where gt1_0.id=?
Hibernate: select gt1_0.id,gt1_0.typename from goodstype gt1_0
Hibernate: select g1_0.id,g1_0.create_time,g1_0.grprice,g1_0.description,gt1_0.id,gt1_0.typename,g1_0.is_advertisement,g1_0.is_recommend,g1_0.gname,g1_0.goprice,g1_0.gpicture,g1_0.gstore from goods g1_0 left join goodstype gt1_0 on gt1_0.id=g1_0.goodstype_id where g1_0.id=?
Hibernate: select g1_0.id,g1_0.create_time,g1_0.grprice,g1_0.description,g1_0.goodstype_id,g1_0.is_advertisement,g1_0.is_recommend,g1_0.gname,g1_0.goprice,g1_0.gpicture,g1_0.gstore from goods g1_0 where g1_0.is_advertisement=?
Hibernate: select gt1_0.id,gt1_0.typename from goodstype gt1_0 where gt1_0.id=?
Hibernate: select g1_0.id,g1_0.create_time,g1_0.grprice,g1_0.description,g1_0.goodstype_id,g1_0.is_advertisement,g1_0.is_recommend,g1_0.gname,g1_0.goprice,g1_0.gpicture,g1_0.gstore from goods g1_0 where g1_0.is_recommend=?
Hibernate: select g1_0.id,g1_0.create_time,g1_0.grprice,g1_0.description,g1_0.goodstype_id,g1_0.is_advertisement,g1_0.is_recommend,g1_0.gname,g1_0.goprice,g1_0.gpicture,g1_0.gstore from goods g1_0 order by g1_0.id desc limit ?,?
Hibernate: select gt1_0.id,gt1_0.typename from goodstype gt1_0 where gt1_0.id=?
Hibernate: select gt1_0.id,gt1_0.typename from goodstype gt1_0 where gt1_0.id=?
Hibernate: select gt1_0.id,gt1_0.typename from goodstype gt1_0
Hibernate: select g1_0.id,g1_0.create_time,g1_0.grprice,g1_0.description,g1_0.goodstype_id,g1_0.is_advertisement,g1_0.is_recommend,g1_0.gname,g1_0.goprice,g1_0.gpicture,g1_0.gstore from goods g1_0 where g1_0.is_advertisement=?
Hibernate: select gt1_0.id,gt1_0.typename from goodstype gt1_0 where gt1_0.id=?
Hibernate: select g1_0.id,g1_0.create_time,g1_0.grprice,g1_0.description,g1_0.goodstype_id,g1_0.is_advertisement,g1_0.is_recommend,g1_0.gname,g1_0.goprice,g1_0.gpicture,g1_0.gstore from goods g1_0 where g1_0.is_recommend=?
Hibernate: select g1_0.id,g1_0.create_time,g1_0.grprice,g1_0.description,g1_0.goodstype_id,g1_0.is_advertisement,g1_0.is_recommend,g1_0.gname,g1_0.goprice,g1_0.gpicture,g1_0.gstore from goods g1_0 order by g1_0.id desc limit ?,?
Hibernate: select gt1_0.id,gt1_0.typename from goodstype gt1_0 where gt1_0.id=?
Hibernate: select gt1_0.id,gt1_0.typename from goodstype gt1_0 where gt1_0.id=?
Hibernate: select gt1_0.id,gt1_0.typename from goodstype gt1_0
